2024-10-27 20:32:09,495 - __main__ - INFO - Initializing document analyzer...
2024-10-27 20:32:09,499 - __main__ - INFO - Document analyzer initialized successfully
2024-10-27 20:32:09,499 - __main__ - INFO - Starting analysis of document: test.docx
2024-10-27 20:32:09,499 - __main__ - ERROR - Error analyzing document: Package not found at 'test.docx'
2024-10-27 20:32:09,500 - __main__ - ERROR - Error during analysis: Package not found at 'test.docx'
2024-10-27 20:32:37,678 - __main__ - INFO - Initializing document analyzer...
2024-10-27 20:32:37,681 - __main__ - INFO - Document analyzer initialized successfully
2024-10-27 20:32:37,681 - __main__ - INFO - Starting analysis of document: test.docx
2024-10-27 20:32:37,711 - __main__ - INFO - Document loaded successfully. Found 25 paragraphs.
2024-10-27 20:32:37,777 - __main__ - INFO - Analyzing acronyms...
2024-10-27 20:32:37,821 - __main__ - INFO - Generating analysis reports...
2024-10-27 20:32:37,822 - __main__ - INFO - Generated txt report: analysis_results.txt
2024-10-27 20:34:46,487 - __main__ - INFO - Initializing document analyzer...
2024-10-27 20:34:46,489 - __main__ - INFO - Document analyzer initialized successfully
2024-10-27 20:34:46,489 - __main__ - INFO - Starting analysis of document: test.docx
2024-10-27 20:34:46,497 - __main__ - INFO - Document loaded successfully. Found 26 paragraphs.
2024-10-27 20:34:46,565 - __main__ - INFO - Analyzing acronyms...
2024-10-27 20:34:46,611 - __main__ - INFO - Generating analysis reports...
2024-10-27 20:34:46,612 - __main__ - INFO - Generated txt report: analysis_results.txt
2024-10-27 20:35:37,615 - __main__ - INFO - Initializing document analyzer...
2024-10-27 20:35:37,618 - __main__ - INFO - Document analyzer initialized successfully
2024-10-27 20:35:37,618 - __main__ - INFO - Starting analysis of document: test.docx
2024-10-27 20:35:37,628 - __main__ - INFO - Document loaded successfully. Found 27 paragraphs.
2024-10-27 20:35:37,699 - __main__ - INFO - Analyzing acronyms...
2024-10-27 20:35:37,747 - __main__ - INFO - Generating analysis reports...
2024-10-27 20:35:37,748 - __main__ - INFO - Generated txt report: analysis_results.txt
2024-10-27 20:47:45,681 - __main__ - INFO - Initializing document analyzer...
2024-10-27 20:47:45,682 - __main__ - ERROR - Error during analysis: Expecting value: line 1 column 1 (char 0)
2024-10-27 20:48:19,368 - __main__ - INFO - Initializing document analyzer...
2024-10-27 20:48:19,394 - __main__ - INFO - Document analyzer initialized successfully
2024-10-27 20:48:19,394 - __main__ - INFO - Starting analysis of document: test.docx
2024-10-27 20:48:19,404 - __main__ - INFO - Document loaded successfully. Found 27 paragraphs.
2024-10-27 20:48:19,493 - __main__ - INFO - Analyzing acronyms...
2024-10-27 20:48:19,504 - __main__ - ERROR - Error analyzing document: 'AcronymAnalyzer' object has no attribute 'process_paragraph'
2024-10-27 20:48:19,504 - __main__ - ERROR - Error during analysis: 'AcronymAnalyzer' object has no attribute 'process_paragraph'
2024-10-27 20:49:12,759 - __main__ - INFO - Initializing document analyzer...
2024-10-27 20:49:12,763 - __main__ - INFO - Document analyzer initialized successfully
2024-10-27 20:49:12,763 - __main__ - INFO - Starting analysis of document: test.docx
2024-10-27 20:49:12,774 - __main__ - INFO - Document loaded successfully. Found 27 paragraphs.
2024-10-27 20:49:12,867 - __main__ - INFO - Analyzing acronyms...
2024-10-27 20:49:12,878 - __main__ - ERROR - Error analyzing document: 'AcronymAnalyzer' object has no attribute 'process_paragraph'
2024-10-27 20:49:12,878 - __main__ - ERROR - Error during analysis: 'AcronymAnalyzer' object has no attribute 'process_paragraph'
2024-10-27 20:50:52,676 - __main__ - INFO - Initializing document analyzer...
2024-10-27 20:50:52,683 - __main__ - INFO - Document analyzer initialized successfully
2024-10-27 20:50:52,683 - __main__ - INFO - Starting analysis of document: test.docx
2024-10-27 20:50:52,695 - __main__ - INFO - Document loaded successfully. Found 27 paragraphs.
2024-10-27 20:50:52,768 - __main__ - INFO - Analyzing acronyms...
2024-10-27 20:50:52,810 - __main__ - INFO - Generating analysis reports...
2024-10-27 20:50:52,811 - __main__ - INFO - Generated txt report: analysis_results.txt
2024-10-27 20:50:52,824 - __main__ - ERROR - Error during analysis: 'CSVReporter' object has no attribute 'acronym_finder'
2024-10-27 20:52:18,211 - __main__ - INFO - Initializing document analyzer...
2024-10-27 20:52:18,216 - __main__ - INFO - Document analyzer initialized successfully
2024-10-27 20:52:18,217 - __main__ - INFO - Starting analysis of document: test.docx
2024-10-27 20:52:18,232 - __main__ - INFO - Document loaded successfully. Found 27 paragraphs.
2024-10-27 20:52:18,305 - __main__ - INFO - Analyzing acronyms...
2024-10-27 20:52:18,350 - __main__ - INFO - Generating analysis reports...
2024-10-27 20:52:18,351 - __main__ - INFO - Generated txt report: analysis_results.txt
2024-10-27 20:52:18,352 - __main__ - INFO - Generated csv report: analysis_results.csv
2024-10-27 20:52:18,353 - __main__ - INFO - Generated org report: analysis_results.org
2024-10-27 20:52:18,354 - __main__ - ERROR - Error during analysis: 'MarkdownReporter' object has no attribute 'acronym_finder'
2024-10-27 20:53:19,362 - __main__ - INFO - Initializing document analyzer...
2024-10-27 20:53:19,366 - __main__ - INFO - Document analyzer initialized successfully
2024-10-27 20:53:19,366 - __main__ - INFO - Starting analysis of document: test.docx
2024-10-27 20:53:19,378 - __main__ - INFO - Document loaded successfully. Found 27 paragraphs.
2024-10-27 20:53:19,454 - __main__ - INFO - Analyzing acronyms...
2024-10-27 20:53:19,503 - __main__ - INFO - Generating analysis reports...
2024-10-27 20:53:19,504 - __main__ - INFO - Generated txt report: analysis_results.txt
2024-10-27 20:53:19,504 - __main__ - INFO - Generated csv report: analysis_results.csv
2024-10-27 20:53:19,506 - __main__ - INFO - Generated org report: analysis_results.org
2024-10-27 20:53:19,507 - __main__ - INFO - Generated md report: analysis_results.md
2024-10-27 20:53:54,567 - __main__ - INFO - Initializing document analyzer...
2024-10-27 20:53:54,570 - __main__ - INFO - Document analyzer initialized successfully
2024-10-27 20:53:54,571 - __main__ - INFO - Starting analysis of document: test.docx
2024-10-27 20:53:54,582 - __main__ - INFO - Document loaded successfully. Found 27 paragraphs.
2024-10-27 20:53:54,664 - __main__ - INFO - Analyzing acronyms...
2024-10-27 20:53:54,710 - __main__ - INFO - Generating analysis reports...
2024-10-27 20:53:54,711 - __main__ - INFO - Generated txt report: analysis_results.txt
2024-10-27 20:53:54,712 - __main__ - INFO - Generated csv report: analysis_results.csv
2024-10-27 20:53:54,713 - __main__ - INFO - Generated org report: analysis_results.org
2024-10-27 20:53:54,715 - __main__ - INFO - Generated md report: analysis_results.md
